make RIOT_CI_BUILD=1 CC_NOCOLOR=1 --no-print-directory -C ./tests/periph/rtc test
r
/home/maribu/Repos/software/RIOT/2025.10-branch/dist/tools/pyterm/pyterm -p "/dev/ttyACM0" -b "115200" -ln "/tmp/pyterm-maribu" -rn "2025-11-15_16.37.37-tests_rtc-same54-xpro" --no-reconnect --noprefix --no-repeat-command-on-empty-line 
Twisted not available, please install it if you want to use pyterm's JSON capabilities
Connect to serial port /dev/ttyACM0
Welcome to pyterm!
Type '/exit' to exit.
READY
s
START
main(): This is RIOT! (Version: buildtest)

RIOT RTC low-level driver test
This test will display 'Alarm!' every 2 seconds for 4 times
RTC mem OK
Clock value is now   2020-01-01 00:00:00
  Setting clock to   2020-02-28 23:59:57
Clock value is now   2020-02-28 23:59:57
  Setting alarm to   2020-02-28 23:59:59
   Alarm is set to   2020-00-00 00:00:00

Traceback (most recent call last):
  File "/home/maribu/Repos/software/RIOT/2025.10-branch/tests/periph/rtc/tests/01-run.py", line 48, in <module>
    sys.exit(run(testfunc))
             ^^^^^^^^^^^^^
  File "/home/maribu/Repos/software/RIOT/2025.10-branch/dist/pythonlibs/testrunner/__init__.py", line 30, in run
    testfunc(child)
  File "/home/maribu/Repos/software/RIOT/2025.10-branch/tests/periph/rtc/tests/01-run.py", line 35, in testfunc
    assert alarm_set == alarm_value
           ^^^^^^^^^^^^^^^^^^^^^^^^
AssertionError
make: *** [/home/maribu/Repos/software/RIOT/2025.10-branch/makefiles/tests/tests.inc.mk:32: test] Error 1

Return value: 2
