make RIOT_CI_BUILD=1 CC_NOCOLOR=1 --no-print-directory -C ./tests/sys/ztimer_overhead test
r
/home/maribu/Repos/software/RIOT/2025.10-branch/dist/tools/pyterm/pyterm -p "/dev/ttyACM0" -b "9600" -ln "/tmp/pyterm-maribu" -rn "2025-11-16_02.07.52-tests_ztimer_overhead-arduino-mega2560" --no-reconnect --noprefix --no-repeat-command-on-empty-line 
Twisted not available, please install it if you want to use pyterm's JSON capabilities
Connect to serial port /dev/ttyACM0
Welcome to pyterm!
Type '/exit' to exit.

Help: Press s to start test, r to print it is ready
READY
s
START
main(): This is RIOT! (Version: buildtest)
ZTIMER_USEC auto_adjust params:
    ZTIMER_USEC->adjust_set = 132
    ZTIMER_USEC->adjust_sleep = 120
ZTIMER_USEC auto_adjust params cleared
ztimer_overhead_set...
min=136 max=140 avg_diff=139
ztimer_overhead_sleep...
min=116 max=116 avg_diff=116
ZTIMER_USEC adjust params for arduino-mega2560:
    CONFIG_ZTIMER_USEC_ADJUST_SET    136
    CONFIG_ZTIMER_USEC_ADJUST_SLEEP  116

Traceback (most recent call last):
  File "/home/maribu/Repos/software/RIOT/2025.10-branch/tests/sys/ztimer_overhead/tests/01-run.py", line 33, in <module>
    sys.exit(run(testfunc))
             ^^^^^^^^^^^^^
  File "/home/maribu/Repos/software/RIOT/2025.10-branch/dist/pythonlibs/testrunner/__init__.py", line 30, in run
    testfunc(child)
  File "/home/maribu/Repos/software/RIOT/2025.10-branch/tests/sys/ztimer_overhead/tests/01-run.py", line 28, in testfunc
    assert auto_adjust_set >= adjust_set - ADJUST_SET_MARGIN
           ^^^^^^^^^^^^^^^^^^^^^^^^^^^^^^^^^^^^^^^^^^^^^^^^^
AssertionError
make: *** [/home/maribu/Repos/software/RIOT/2025.10-branch/makefiles/tests/tests.inc.mk:32: test] Error 1

Return value: 2
